--------------------------------------------------------------------------------
Release 14.7 Trace  (nt64)
Copyright (c) 1995-2013 Xilinx, Inc.  All rights reserved.

C:\Xilinx\14.7\ISE_DS\ISE\bin\nt64\unwrapped\trce.exe -intstyle ise -v 3 -s 3
-n 3 -fastpaths -xml ALU.twx ALU.ncd -o ALU.twr ALU.pcf

Design file:              ALU.ncd
Physical constraint file: ALU.pcf
Device,package,speed:     xc6slx4,tqg144,C,-3 (PRODUCTION 1.23 2013-10-13)
Report level:             verbose report

Environment Variable      Effect 
--------------------      ------ 
NONE                      No environment variables were set
--------------------------------------------------------------------------------

INFO:Timing:2698 - No timing constraints found, doing default enumeration.
INFO:Timing:3412 - To improve timing, see the Timing Closure User Guide (UG612).
INFO:Timing:2752 - To get complete path coverage, use the unconstrained paths 
   option. All paths that are not constrained will be reported in the 
   unconstrained paths section(s) of the report.
INFO:Timing:3339 - The clock-to-out numbers in this timing report are based on 
   a 50 Ohm transmission line loading model.  For the details of this model, 
   and for more information on accounting for different loading conditions, 
   please see the device datasheet.



Data Sheet report:
-----------------
All values displayed in nanoseconds (ns)

Pad to Pad
---------------+---------------+---------+
Source Pad     |Destination Pad|  Delay  |
---------------+---------------+---------+
control<0>     |out<0>         |    7.507|
control<0>     |out<1>         |    7.095|
control<0>     |out<2>         |    6.994|
control<0>     |out<3>         |    6.736|
control<0>     |out<4>         |    6.713|
control<1>     |out<0>         |    7.112|
control<1>     |out<1>         |    6.908|
control<1>     |out<2>         |    7.453|
control<1>     |out<3>         |    7.065|
control<1>     |out<4>         |    7.042|
in_1<0>        |out<0>         |    6.979|
in_1<0>        |out<1>         |    6.724|
in_1<0>        |out<2>         |    8.710|
in_1<0>        |out<3>         |    7.555|
in_1<0>        |out<4>         |    7.532|
in_1<1>        |out<1>         |    6.569|
in_1<1>        |out<2>         |    7.313|
in_1<1>        |out<3>         |    7.573|
in_1<1>        |out<4>         |    7.550|
in_1<2>        |out<2>         |    6.962|
in_1<2>        |out<3>         |    6.980|
in_1<2>        |out<4>         |    6.957|
in_1<3>        |out<3>         |    6.613|
in_1<3>        |out<4>         |    6.590|
in_2<0>        |out<0>         |    6.672|
in_2<0>        |out<1>         |    6.327|
in_2<0>        |out<2>         |    8.403|
in_2<0>        |out<3>         |    7.642|
in_2<0>        |out<4>         |    7.619|
in_2<1>        |out<1>         |    7.112|
in_2<1>        |out<2>         |    7.603|
in_2<1>        |out<3>         |    7.491|
in_2<1>        |out<4>         |    7.468|
in_2<2>        |out<2>         |    7.597|
in_2<2>        |out<3>         |    7.453|
in_2<2>        |out<4>         |    7.430|
in_2<3>        |out<3>         |    6.861|
in_2<3>        |out<4>         |    6.838|
---------------+---------------+---------+


Analysis completed Fri Oct 30 11:12:56 2020 
--------------------------------------------------------------------------------

Trace Settings:
-------------------------
Trace Settings 

Peak Memory Usage: 4554 MB



